#
# A fatal error has been detected by the Java Runtime Environment:
#
#  EXCEPTION_IN_PAGE_ERROR (0xc0000006) at pc=0x586c3cca, pid=3028, tid=1900
#
# JRE version: Java(TM) SE Runtime Environment (8.0_25-b18) (build 1.8.0_25-b18)
# Java VM: Java HotSpot(TM) Client VM (25.25-b02 mixed mode windows-x86 )
# Problematic frame:
# V  [jvm.dll+0xb3cca]
#
# Failed to write core dump. Minidumps are not enabled by default on client versions of Windows
#
# If you would like to submit a bug report, please visit:
#   http://bugreport.sun.com/bugreport/crash.jsp
#

---------------  T H R E A D  ---------------

Current thread (0x00b6b800):  VMThread [stack: 0x00b70000,0x00bc0000] [id=1900]

siginfo: ExceptionCode=0xc0000006, ExceptionInformation=0x00000000 0x1b299850 0xc000009c 

Registers:
EAX=0x45eae5e0, EBX=0x1b2853f0, ECX=0x45eae5d8, EDX=0x00000005
ESP=0x00bbf078, EBP=0x00bbf098, ESI=0x1b285404, EDI=0x1b299850
EIP=0x586c3cca, EFLAGS=0x00010206

Top of Stack: (sp=0x00bbf078)
0x00bbf078:   198136d8 00000003 00000000 45eae5e0
0x00bbf088:   1b285404 586cc22d 00000000 45eae5d8
0x00bbf098:   00bbf0b8 587b3181 1b2853e0 00a77f90
0x00bbf0a8:   45e9c350 00bbf418 00a77f90 45e9c350
0x00bbf0b8:   00bbf0c4 587b337c 00000003 00bbf0d0
0x00bbf0c8:   586cc933 45e9c388 00bbf0dc 586a1e64
0x00bbf0d8:   5895802c 00bbf0f4 58646041 45e9c350
0x00bbf0e8:   441a3638 00bbf228 00bbf414 00bbf108 

Instructions: (pc=0x586c3cca)
0x586c3caa:   04 8d 34 93 89 75 f0 3b de 0f 83 3a 01 00 00 8d
0x586c3cba:   a4 24 00 00 00 00 8b 3b 85 ff 0f 84 1b 01 00 00
0x586c3cca:   8b 07 83 e0 03 3c 03 0f 84 0e 01 00 00 80 3d fc
0x586c3cda:   9a 97 58 00 74 09 57 e8 5a a2 19 00 83 c4 04 8b 


Register to memory mapping:

EAX=0x45eae5e0 is pointing into metadata
EBX=0x1b2853f0 is pointing into object: 0x1b2853e0
java.beans.GenericBeanInfo 
 - klass: 'java/beans/GenericBeanInfo'
ECX=0x45eae5d8 is pointing into metadata
EDX=0x00000005 is an unknown value
ESP=0x00bbf078 is an unknown value
EBP=0x00bbf098 is an unknown value
ESI=0x1b285404 is pointing into object: 0x1b2853e0
java.beans.GenericBeanInfo 
 - klass: 'java/beans/GenericBeanInfo'
EDI=
[error occurred during error reporting (printing register info), id 0xc0000006]

Stack: [0x00b70000,0x00bc0000],  sp=0x00bbf078,  free space=316k
Native frames: (J=compiled Java code, j=interpreted, Vv=VM code, C=native code)
V  [jvm.dll+0xb3cca]
V  [jvm.dll+0x1a3181]
V  [jvm.dll+0x1a337c]
V  [jvm.dll+0xbc933]
V  [jvm.dll+0x91e64]
V  [jvm.dll+0x36041]
V  [jvm.dll+0x91e87]
V  [jvm.dll+0x14241c]
V  [jvm.dll+0x142746]
V  [jvm.dll+0x1668f2]
V  [jvm.dll+0x1657c5]
V  [jvm.dll+0x98adf]
V  [jvm.dll+0x8e000]
V  [jvm.dll+0x8fc92]
V  [jvm.dll+0x900ef]
V  [jvm.dll+0x8ef5f]
V  [jvm.dll+0x9ade3]
V  [jvm.dll+0x8daa3]
V  [jvm.dll+0x87ee5]
V  [jvm.dll+0x1a6436]
V  [jvm.dll+0x16f3ab]
V  [jvm.dll+0x16e771]
V  [jvm.dll+0x16eb87]
V  [jvm.dll+0x16ed82]
V  [jvm.dll+0x1aee06]
C  [msvcr100.dll+0x5c556]
C  [msvcr100.dll+0x5c600]
C  [KERNEL32.DLL+0x1793]
C  [ntdll.dll+0x5c206]
C  [ntdll.dll+0x5c1df]

JavaThread 0x46cdf000 (nid = 888) was being processed
Java frames: (J=compiled Java code, j=interpreted, Vv=VM code)
v  ~RuntimeStub::new_type_array Runtime1 stub
J 3621 C1 java.util.jar.Attributes.read(Ljava/util/jar/Manifest$FastInputStream;[B)V (410 bytes) @ 0x024adeb3 [0x024ad350+0xb63]
J 3643 C1 java.util.jar.Manifest.read(Ljava/io/InputStream;)V (328 bytes) @ 0x01fcff7b [0x01fcfdf0+0x18b]
j  java.util.jar.Manifest.<init>(Ljava/io/InputStream;)V+28
j  java.util.jar.JarFile.getManifestFromReference()Ljava/util/jar/Manifest;+60
j  java.util.jar.JarFile.getManifest()Ljava/util/jar/Manifest;+1
J 4966 C1 sun.misc.URLClassPath$JarLoader$2.getManifest()Ljava/util/jar/Manifest; (11 bytes) @ 0x022d8c7b [0x022d8c50+0x2b]
J 734 C1 java.net.URLClassLoader.defineClass(Ljava/lang/String;Lsun/misc/Resource;)Ljava/lang/Class; (224 bytes) @ 0x02045669 [0x020455d0+0x99]
J 286 C1 java.net.URLClassLoader$1.run()Ljava/lang/Class; (73 bytes) @ 0x01fcaa50 [0x01fca9d0+0x80]
J 285 C1 java.net.URLClassLoader$1.run()Ljava/lang/Object; (5 bytes) @ 0x01fca7a0 [0x01fca780+0x20]
v  ~StubRoutines::call_stub
J 284  java.security.AccessController.doPrivileged(Ljava/security/PrivilegedExceptionAction;Ljava/security/AccessControlContext;)Ljava/lang/Object; (0 bytes) @ 0x01fca537 [0x01fca4d0+0x67]
J 282 C1 java.net.URLClassLoader.findClass(Ljava/lang/String;)Ljava/lang/Class; (29 bytes) @ 0x01fc9f8f [0x01fc9f10+0x7f]
J 150 C1 java.lang.ClassLoader.loadClass(Ljava/lang/String;Z)Ljava/lang/Class; (122 bytes) @ 0x01fa89c1 [0x01fa8770+0x251]
J 610 C1 java.lang.ClassLoader.loadClass(Ljava/lang/String;)Ljava/lang/Class; (7 bytes) @ 0x0202143c [0x02021410+0x2c]
v  ~StubRoutines::call_stub
j  com.android.builder.internal.packaging.Packager.<init>(Ljava/lang/String;Ljava/lang/String;Lcom/android/ide/common/signing/CertificateInfo;Ljava/lang/String;Lcom/android/builder/model/PackagingOptions;Lcom/android/utils/ILogger;)V+96
j  com.android.builder.core.AndroidBuilder.packageApk(Ljava/lang/String;Ljava/io/File;Ljava/util/Collection;Ljava/util/Collection;Ljava/lang/String;Ljava/util/Collection;Ljava/util/Set;ZLcom/android/builder/model/SigningConfig;Lcom/android/builder/model/PackagingOptions;Ljava/lang/String;)V+114
j  com.android.builder.core.AndroidBuilder$packageApk$1.call(Ljava/lang/Object;[Ljava/lang/Object;)Ljava/lang/Object;+84
j  org.codehaus.groovy.runtime.callsite.CallSiteArray.defaultCall(Lorg/codehaus/groovy/runtime/callsite/CallSite;Ljava/lang/Object;[Ljava/lang/Object;)Ljava/lang/Object;+8
j  org.codehaus.groovy.runtime.callsite.AbstractCallSite.call(Ljava/lang/Object;[Ljava/lang/Object;)Ljava/lang/Object;+3
j  com.android.build.gradle.tasks.PackageApplication.doFullTaskAction()V+626
j  com.android.build.gradle.internal.tasks.IncrementalTask.taskAction(Lorg/gradle/api/tasks/incremental/IncrementalTaskInputs;)V+76
v  ~StubRoutines::call_stub
J 2275  sun.reflect.NativeMethodAccessorImpl.invoke0(Ljava/lang/reflect/Method;Ljava/lang/Object;[Ljava/lang/Object;)Ljava/lang/Object; (0 bytes) @ 0x023b934d [0x023b92d0+0x7d]
J 2274 C1 sun.reflect.NativeMethodAccessorImpl.invoke(Ljava/lang/Object;[Ljava/lang/Object;)Ljava/lang/Object; (104 bytes) @ 0x023b8c03 [0x023b8980+0x283]
J 355 C1 sun.reflect.DelegatingMethodAccessorImpl.invoke(Ljava/lang/Object;[Ljava/lang/Object;)Ljava/lang/Object; (10 bytes) @ 0x01fdfe7f [0x01fdfe50+0x2f]
J 354 C1 java.lang.reflect.Method.invoke(Ljava/lang/Object;[Ljava/lang/Object;)Ljava/lang/Object; (62 bytes) @ 0x01fdfbb1 [0x01fdfb00+0xb1]
J 5169 C1 org.gradle.internal.reflect.JavaMethod.invoke(Ljava/lang/Object;[Ljava/lang/Object;)Ljava/lang/Object; (74 bytes) @ 0x02330c90 [0x02330c50+0x40]
j  org.gradle.api.internal.project.taskfactory.AnnotationProcessingTaskFactory$IncrementalTaskAction.doExecute(Lorg/gradle/api/Task;Ljava/lang/String;)V+35
j  org.gradle.api.internal.project.taskfactory.AnnotationProcessingTaskFactory$StandardTaskAction.execute(Lorg/gradle/api/Task;)V+32
j  org.gradle.api.internal.project.taskfactory.AnnotationProcessingTaskFactory$IncrementalTaskAction.execute(Lorg/gradle/api/Task;)V+2
j  org.gradle.api.internal.project.taskfactory.AnnotationProcessingTaskFactory$StandardTaskAction.execute(Ljava/lang/Object;)V+5
j  org.gradle.api.internal.tasks.execution.ExecuteActionsTaskExecuter.executeAction(Lorg/gradle/api/internal/TaskInternal;Lorg/gradle/api/internal/tasks/ContextAwareTaskAction;Lorg/gradle/api/internal/tasks/TaskExecutionContext;)V+9
j  org.gradle.api.internal.tasks.execution.ExecuteActionsTaskExecuter.executeActions(Lorg/gradle/api/internal/TaskInternal;Lorg/gradle/api/internal/tasks/TaskStateInternal;Lorg/gradle/api/internal/tasks/TaskExecutionContext;)Lorg/gradle/api/GradleException;+79
j  org.gradle.api.internal.tasks.execution.ExecuteActionsTaskExecuter.execute(Lorg/gradle/api/internal/TaskInternal;Lorg/gradle/api/internal/tasks/TaskStateInternal;Lorg/gradle/api/internal/tasks/TaskExecutionContext;)V+19
j  org.gradle.api.internal.tasks.execution.PostExecutionAnalysisTaskExecuter.execute(Lorg/gradle/api/internal/TaskInternal;Lorg/gradle/api/internal/tasks/TaskStateInternal;Lorg/gradle/api/internal/tasks/TaskExecutionContext;)V+7
j  org.gradle.api.internal.tasks.execution.SkipUpToDateTaskExecuter.execute(Lorg/gradle/api/internal/TaskInternal;Lorg/gradle/api/internal/tasks/TaskStateInternal;Lorg/gradle/api/internal/tasks/TaskExecutionContext;)V+133
j  org.gradle.api.internal.tasks.execution.ValidatingTaskExecuter.execute(Lorg/gradle/api/internal/TaskInternal;Lorg/gradle/api/internal/tasks/TaskStateInternal;Lorg/gradle/api/internal/tasks/TaskExecutionContext;)V+215
j  org.gradle.api.internal.tasks.execution.SkipEmptySourceFilesTaskExecuter.execute(Lorg/gradle/api/internal/TaskInternal;Lorg/gradle/api/internal/tasks/TaskStateInternal;Lorg/gradle/api/internal/tasks/TaskExecutionContext;)V+56
j  org.gradle.api.internal.tasks.execution.SkipTaskWithNoActionsExecuter.execute(Lorg/gradle/api/internal/TaskInternal;Lorg/gradle/api/internal/tasks/TaskStateInternal;Lorg/gradle/api/internal/tasks/TaskExecutionContext;)V+110
j  org.gradle.api.internal.tasks.execution.SkipOnlyIfTaskExecuter.execute(Lorg/gradle/api/internal/TaskInternal;Lorg/gradle/api/internal/tasks/TaskStateInternal;Lorg/gradle/api/internal/tasks/TaskExecutionContext;)V+84
j  org.gradle.api.internal.tasks.execution.ExecuteAtMostOnceTaskExecuter.execute(Lorg/gradle/api/internal/TaskInternal;Lorg/gradle/api/internal/tasks/TaskStateInternal;Lorg/gradle/api/internal/tasks/TaskExecutionContext;)V+26
j  org.gradle.api.internal.AbstractTask.executeWithoutThrowingTaskFailure()V+16
j  org.gradle.execution.taskgraph.AbstractTaskPlanExecutor$TaskExecutorWorker.executeTask(Lorg/gradle/execution/taskgraph/TaskInfo;)V+38
j  org.gradle.execution.taskgraph.AbstractTaskPlanExecutor$TaskExecutorWorker.processTask(Lorg/gradle/execution/taskgraph/TaskInfo;)V+2
j  org.gradle.execution.taskgraph.AbstractTaskPlanExecutor$TaskExecutorWorker.run()V+56
j  org.gradle.execution.taskgraph.DefaultTaskPlanExecutor.process(Lorg/gradle/execution/taskgraph/TaskExecutionPlan;Lorg/gradle/api/execution/TaskExecutionListener;)V+6
j  org.gradle.execution.taskgraph.DefaultTaskGraphExecuter.execute()V+46
j  org.gradle.execution.SelectedTaskExecutionAction.execute(Lorg/gradle/execution/BuildExecutionContext;)V+41
j  org.gradle.execution.DefaultBuildExecuter.execute(I)V+36
j  org.gradle.execution.DefaultBuildExecuter.access$200(Lorg/gradle/execution/DefaultBuildExecuter;I)V+2
j  org.gradle.execution.DefaultBuildExecuter$2.proceed()V+10
j  org.gradle.execution.DryRunBuildExecutionAction.execute(Lorg/gradle/execution/BuildExecutionContext;)V+68
j  org.gradle.execution.DefaultBuildExecuter.execute(I)V+36
j  org.gradle.execution.DefaultBuildExecuter.execute()V+2
j  org.gradle.initialization.DefaultGradleLauncher.doBuildStages(Lorg/gradle/initialization/DefaultGradleLauncher$Stage;)V+184
j  org.gradle.initialization.DefaultGradleLauncher.doBuild(Lorg/gradle/initialization/DefaultGradleLauncher$Stage;)Lorg/gradle/BuildResult;+27
j  org.gradle.initialization.DefaultGradleLauncher.run()Lorg/gradle/BuildResult;+4
j  org.gradle.launcher.exec.InProcessBuildActionExecuter$DefaultBuildController.run()Lorg/gradle/api/internal/GradleInternal;+5
j  org.gradle.tooling.internal.provider.BuildModelAction.run(Lorg/gradle/initialization/BuildController;)Lorg/gradle/tooling/internal/provider/BuildActionResult;+15
j  org.gradle.tooling.internal.provider.BuildModelAction.run(Lorg/gradle/initialization/BuildController;)Ljava/lang/Object;+2
j  org.gradle.tooling.internal.provider.ConfiguringBuildAction.run(Lorg/gradle/initialization/BuildController;)Ljava/lang/Object;+15
j  org.gradle.launcher.exec.InProcessBuildActionExecuter.execute(Lorg/gradle/initialization/BuildAction;Lorg/gradle/initialization/BuildCancellationToken;Lorg/gradle/launcher/exec/BuildActionParameters;)Ljava/lang/Object;+19
j  org.gradle.launcher.exec.InProcessBuildActionExecuter.execute(Lorg/gradle/initialization/BuildAction;Lorg/gradle/initialization/BuildCancellationToken;Ljava/lang/Object;)Ljava/lang/Object;+7
j  org.gradle.launcher.daemon.server.exec.ExecuteBuild.doBuild(Lorg/gradle/launcher/daemon/server/exec/DaemonCommandExecution;Lorg/gradle/launcher/daemon/protocol/Build;)V+47
j  org.gradle.launcher.daemon.server.exec.BuildCommandOnly.execute(Lorg/gradle/launcher/daemon/server/exec/DaemonCommandExecution;)V+49
j  org.gradle.launcher.daemon.server.exec.DaemonCommandExecution.proceed()Z+28
j  org.gradle.launcher.daemon.server.exec.WatchForDisconnection.execute(Lorg/gradle/launcher/daemon/server/exec/DaemonCommandExecution;)V+19
j  org.gradle.launcher.daemon.server.exec.DaemonCommandExecution.proceed()Z+28
j  org.gradle.launcher.daemon.server.exec.ResetDeprecationLogger.execute(Lorg/gradle/launcher/daemon/server/exec/DaemonCommandExecution;)V+4
j  org.gradle.launcher.daemon.server.exec.DaemonCommandExecution.proceed()Z+28
j  org.gradle.launcher.daemon.server.exec.StartStopIfBuildAndStop.execute(Lorg/gradle/launcher/daemon/server/exec/DaemonCommandExecution;)V+34
j  org.gradle.launcher.daemon.server.exec.DaemonCommandExecution.proceed()Z+28
j  org.gradle.launcher.daemon.server.exec.ForwardClientInput$2.call()Ljava/lang/Void;+4
j  org.gradle.launcher.daemon.server.exec.ForwardClientInput$2.call()Ljava/lang/Object;+1
j  org.gradle.util.Swapper.swap(Ljava/lang/Object;Ljava/util/concurrent/Callable;)Ljava/lang/Object;+21
j  org.gradle.launcher.daemon.server.exec.ForwardClientInput.execute(Lorg/gradle/launcher/daemon/server/exec/DaemonCommandExecution;)V+63
j  org.gradle.launcher.daemon.server.exec.DaemonCommandExecution.proceed()Z+28
j  org.gradle.launcher.daemon.server.exec.LogToClient.doBuild(Lorg/gradle/launcher/daemon/server/exec/DaemonCommandExecution;Lorg/gradle/launcher/daemon/protocol/Build;)V+92
j  org.gradle.launcher.daemon.server.exec.BuildCommandOnly.execute(Lorg/gradle/launcher/daemon/server/exec/DaemonCommandExecution;)V+49
j  org.gradle.launcher.daemon.server.exec.DaemonCommandExecution.proceed()Z+28
j  org.gradle.launcher.daemon.server.exec.EstablishBuildEnvironment.doBuild(Lorg/gradle/launcher/daemon/server/exec/DaemonCommandExecution;Lorg/gradle/launcher/daemon/protocol/Build;)V+237
j  org.gradle.launcher.daemon.server.exec.BuildCommandOnly.execute(Lorg/gradle/launcher/daemon/server/exec/DaemonCommandExecution;)V+49
j  org.gradle.launcher.daemon.server.exec.DaemonCommandExecution.proceed()Z+28
j  org.gradle.launcher.daemon.server.exec.DaemonHygieneAction.execute(Lorg/gradle/launcher/daemon/server/exec/DaemonCommandExecution;)V+1
j  org.gradle.launcher.daemon.server.exec.DaemonCommandExecution.proceed()Z+28
j  org.gradle.launcher.daemon.server.exec.StartBuildOrRespondWithBusy$1.run()V+44
j  org.gradle.launcher.daemon.server.DaemonStateCoordinator$1.run()V+4
j  org.gradle.internal.concurrent.DefaultExecutorFactory$StoppableExecutorImpl$1.run()V+18
j  java.util.concurrent.ThreadPoolExecutor.runWorker(Ljava/util/concurrent/ThreadPoolExecutor$Worker;)V+95
j  java.util.concurrent.ThreadPoolExecutor$Worker.run()V+5
j  java.lang.Thread.run()V+11
v  ~StubRoutines::call_stub
VM_Operation (0x45b2c504): GenCollectForAllocation, mode: safepoint, requested by thread 0x46cdf000


---------------  P R O C E S S  ---------------

Java Threads: ( => current thread )
  0x46cdf000 JavaThread "Daemon worker Thread 4" [_thread_blocked, id=888, stack(0x45ae0000,0x45b30000)]
  0x46ce1c00 JavaThread "Cancel handler" [_thread_blocked, id=6036, stack(0x45a90000,0x45ae0000)]
  0x46cde000 JavaThread "Handler for socket connection from /127.0.0.1:49805 to /127.0.0.1:52290" [_thread_in_native, id=4764, stack(0x45a40000,0x45a90000)]
  0x46ce0c00 JavaThread "Daemon Thread 4" [_thread_blocked, id=4428, stack(0x459f0000,0x45a40000)]
  0x462e9800 JavaThread "File lock request listener" [_thread_in_native, id=2216, stack(0x47450000,0x474a0000)]
  0x450d7800 JavaThread "Incoming local TCP Connector on port 49805" [_thread_in_native, id=3760, stack(0x45890000,0x458e0000)]
  0x01078800 JavaThread "Service Thread" daemon [_thread_blocked, id=2388, stack(0x03fb0000,0x04000000)]
  0x0106cc00 JavaThread "C1 CompilerThread0" daemon [_thread_blocked, id=3580, stack(0x03f60000,0x03fb0000)]
  0x0106bc00 JavaThread "Attach Listener" daemon [_thread_blocked, id=1160, stack(0x03f10000,0x03f60000)]
  0x01069c00 JavaThread "Signal Dispatcher" daemon [_thread_blocked, id=3316, stack(0x03ec0000,0x03f10000)]
  0x01045c00 JavaThread "Finalizer" daemon [_thread_blocked, id=712, stack(0x01240000,0x01290000)]
  0x01040400 JavaThread "Reference Handler" daemon [_thread_blocked, id=1108, stack(0x00bd0000,0x00c20000)]
  0x00bccc00 JavaThread "main" [_thread_blocked, id=1624, stack(0x009f0000,0x00a40000)]

Other Threads:
=>0x00b6b800 VMThread [stack: 0x00b70000,0x00bc0000] [id=1900]
  0x0108cc00 WatcherThread [stack: 0x44460000,0x444b0000] [id=2296]

VM state:at safepoint (normal execution)

VM Mutex/Monitor currently owned by a thread:  ([mutex/lock_event])
[0x00bcb858] Threads_lock - owner thread: 0x00b6b800
[0x00bcbcc0] Heap_lock - owner thread: 0x46cdf000

Heap:
 def new generation   total 43776K, used 3586K [0x04000000, 0x06f80000, 0x19550000)
  eden space 38912K,   0% used [0x04000000, 0x04000000, 0x06600000)
  from space 4864K,  73% used [0x06600000, 0x06980b38, 0x06ac0000)
  to   space 4864K,   0% used [0x06ac0000, 0x06ac0000, 0x06f80000)
 tenured generation   total 101304K, used 101286K [0x19550000, 0x1f83e000, 0x44000000)
   the space 101304K,  99% used [0x19550000, 0x1f839be0, 0x1f839c00, 0x1f83e000)
 Metaspace       used 44433K, capacity 45428K, committed 45440K, reserved 45440K

Card table byte_map: [0x00cd0000,0x00ee0000] byte_map_base: 0x00cb0000

Polling page: 0x008c0000

CodeCache: size=32768Kb used=7449Kb max_used=7550Kb free=25318Kb
 bounds [0x01ec0000, 0x02630000, 0x03ec0000]
 total_blobs=3707 nmethods=3275 adapters=363
 compilation: enabled

Compilation events (10 events):
Event: 4496.471 Thread 0x0106cc00 7010             java.math.BigInteger::montReduce (99 bytes)
Event: 4496.471 Thread 0x0106cc00 nmethod 7010 0x020a09c8 code [0x020a0b00, 0x020a0cc4]
Event: 4496.472 Thread 0x0106cc00 7011             java.math.BigInteger::addOne (77 bytes)
Event: 4496.472 Thread 0x0106cc00 nmethod 7011 0x020a0608 code [0x020a0710, 0x020a08b0]
Event: 4496.477 Thread 0x0106cc00 7012             java.math.BigInteger::subN (46 bytes)
Event: 4496.478 Thread 0x0106cc00 nmethod 7012 0x020a0248 code [0x020a0340, 0x020a04c0]
Event: 4497.002 Thread 0x0106cc00 7013             sun.security.provider.ByteArrayAccess::b2iBig64 (614 bytes)
Event: 4497.004 Thread 0x0106cc00 nmethod 7013 0x0209fbc8 code [0x0209fcd0, 0x020a014c]
Event: 4497.006 Thread 0x0106cc00 7014  s          java.util.Hashtable::put (104 bytes)
Event: 4497.007 Thread 0x0106cc00 nmethod 7014 0x02013d48 code [0x02013e90, 0x02014208]

GC Heap History (10 events):
Event: 4426.346 GC heap after
Heap after GC invocations=133 (full 10):
 def new generation   total 43776K, used 3774K [0x04000000, 0x06f80000, 0x19550000)
  eden space 38912K,   0% used [0x04000000, 0x04000000, 0x06600000)
  from space 4864K,  77% used [0x06ac0000, 0x06e6f9a8, 0x06f80000)
  to   space 4864K,   0% used [0x06600000, 0x06600000, 0x06ac0000)
 tenured generation   total 97204K, used 67408K [0x19550000, 0x1f43d000, 0x44000000)
   the space 97204K,  69% used [0x19550000, 0x1d724068, 0x1d724200, 0x1f43d000)
 Metaspace       used 43707K, capacity 44625K, committed 44672K, reserved 45440K
}
Event: 4427.812 GC heap before
{Heap before GC invocations=133 (full 10):
 def new generation   total 43776K, used 42686K [0x04000000, 0x06f80000, 0x19550000)
  eden space 38912K, 100% used [0x04000000, 0x06600000, 0x06600000)
  from space 4864K,  77% used [0x06ac0000, 0x06e6f9a8, 0x06f80000)
  to   space 4864K,   0% used [0x06600000, 0x06600000, 0x06ac0000)
 tenured generation   total 97204K, used 67408K [0x19550000, 0x1f43d000, 0x44000000)
   the space 97204K,  69% used [0x19550000, 0x1d724068, 0x1d724200, 0x1f43d000)
 Metaspace       used 44017K, capacity 44926K, committed 45056K, reserved 45440K
Event: 4427.975 GC heap after
Heap after GC invocations=134 (full 10):
 def new generation   total 43776K, used 4161K [0x04000000, 0x06f80000, 0x19550000)
  eden space 38912K,   0% used [0x04000000, 0x04000000, 0x06600000)
  from space 4864K,  85% used [0x06600000, 0x06a10620, 0x06ac0000)
  to   space 4864K,   0% used [0x06ac0000, 0x06ac0000, 0x06f80000)
 tenured generation   total 97204K, used 71125K [0x19550000, 0x1f43d000, 0x44000000)
   the space 97204K,  73% used [0x19550000, 0x1dac5470, 0x1dac5600, 0x1f43d000)
 Metaspace       used 44017K, capacity 44926K, committed 45056K, reserved 45440K
}
Event: 4436.392 GC heap before
{Heap before GC invocations=134 (full 10):
 def new generation   total 43776K, used 42368K [0x04000000, 0x06f80000, 0x19550000)
  eden space 38912K,  98% used [0x04000000, 0x0654fa88, 0x06600000)
  from space 4864K,  85% used [0x06600000, 0x06a10620, 0x06ac0000)
  to   space 4864K,   0% used [0x06ac0000, 0x06ac0000, 0x06f80000)
 tenured generation   total 97204K, used 71125K [0x19550000, 0x1f43d000, 0x44000000)
   the space 97204K,  73% used [0x19550000, 0x1dac5470, 0x1dac5600, 0x1f43d000)
 Metaspace       used 44285K, capacity 45245K, committed 45312K, reserved 45440K
Event: 4437.128 GC heap after
Heap after GC invocations=135 (full 10):
 def new generation   total 43776K, used 4864K [0x04000000, 0x06f80000, 0x19550000)
  eden space 38912K,   0% used [0x04000000, 0x04000000, 0x06600000)
  from space 4864K, 100% used [0x06ac0000, 0x06f80000, 0x06f80000)
  to   space 4864K,   0% used [0x06600000, 0x06600000, 0x06ac0000)
 tenured generation   total 97204K, used 77457K [0x19550000, 0x1f43d000, 0x44000000)
   the space 97204K,  79% used [0x19550000, 0x1e0f45a8, 0x1e0f4600, 0x1f43d000)
 Metaspace       used 44285K, capacity 45245K, committed 45312K, reserved 45440K
}
Event: 4441.180 GC heap before
{Heap before GC invocations=135 (full 10):
 def new generation   total 43776K, used 43776K [0x04000000, 0x06f80000, 0x19550000)
  eden space 38912K, 100% used [0x04000000, 0x06600000, 0x06600000)
  from space 4864K, 100% used [0x06ac0000, 0x06f80000, 0x06f80000)
  to   space 4864K,   0% used [0x06600000, 0x06600000, 0x06ac0000)
 tenured generation   total 97204K, used 77457K [0x19550000, 0x1f43d000, 0x44000000)
   the space 97204K,  79% used [0x19550000, 0x1e0f45a8, 0x1e0f4600, 0x1f43d000)
 Metaspace       used 44337K, capacity 45313K, committed 45440K, reserved 45440K
Event: 4441.753 GC heap after
Heap after GC invocations=136 (full 10):
 def new generation   total 43776K, used 4864K [0x04000000, 0x06f80000, 0x19550000)
  eden space 38912K,   0% used [0x04000000, 0x04000000, 0x06600000)
  from space 4864K, 100% used [0x06600000, 0x06ac0000, 0x06ac0000)
  to   space 4864K,   0% used [0x06ac0000, 0x06ac0000, 0x06f80000)
 tenured generation   total 97204K, used 85911K [0x19550000, 0x1f43d000, 0x44000000)
   the space 97204K,  88% used [0x19550000, 0x1e935c28, 0x1e935e00, 0x1f43d000)
 Metaspace       used 44337K, capacity 45313K, committed 45440K, reserved 45440K
}
Event: 4442.535 GC heap before
{Heap before GC invocations=136 (full 10):
 def new generation   total 43776K, used 43776K [0x04000000, 0x06f80000, 0x19550000)
  eden space 38912K, 100% used [0x04000000, 0x06600000, 0x06600000)
  from space 4864K, 100% used [0x06600000, 0x06ac0000, 0x06ac0000)
  to   space 4864K,   0% used [0x06ac0000, 0x06ac0000, 0x06f80000)
 tenured generation   total 97204K, used 85911K [0x19550000, 0x1f43d000, 0x44000000)
   the space 97204K,  88% used [0x19550000, 0x1e935c28, 0x1e935e00, 0x1f43d000)
 Metaspace       used 44337K, capacity 45313K, committed 45440K, reserved 45440K
Event: 4442.946 GC heap after
Heap after GC invocations=137 (full 10):
 def new generation   total 43776K, used 4864K [0x04000000, 0x06f80000, 0x19550000)
  eden space 38912K,   0% used [0x04000000, 0x04000000, 0x06600000)
  from space 4864K, 100% used [0x06ac0000, 0x06f80000, 0x06f80000)
  to   space 4864K,   0% used [0x06600000, 0x06600000, 0x06ac0000)
 tenured generation   total 97204K, used 96523K [0x19550000, 0x1f43d000, 0x44000000)
   the space 97204K,  99% used [0x19550000, 0x1f392eb8, 0x1f393000, 0x1f43d000)
 Metaspace       used 44337K, capacity 45313K, committed 45440K, reserved 45440K
}
Event: 4500.872 GC heap before
{Heap before GC invocations=137 (full 10):
 def new generation   total 43776K, used 43776K [0x04000000, 0x06f80000, 0x19550000)
  eden space 38912K, 100% used [0x04000000, 0x06600000, 0x06600000)
  from space 4864K, 100% used [0x06ac0000, 0x06f80000, 0x06f80000)
  to   space 4864K,   0% used [0x06600000, 0x06600000, 0x06ac0000)
 tenured generation   total 97204K, used 96523K [0x19550000, 0x1f43d000, 0x44000000)
   the space 97204K,  99% used [0x19550000, 0x1f392eb8, 0x1f393000, 0x1f43d000)
 Metaspace       used 44433K, capacity 45428K, committed 45440K, reserved 45440K

Deoptimization events (0 events):
No events

Internal exceptions (10 events):
Event: 4440.729 Thread 0x46cdf000 Exception <a 'java/security/PrivilegedActionException'> (0x0554a5e8) thrown at [C:\re\workspace\8-2-build-windows-i586-cygwin\jdk8u25\1677\hotspot\src\share\vm\prims\jvm.cpp, line 1312]
Event: 4440.729 Thread 0x46cdf000 Exception <a 'java/security/PrivilegedActionException'> (0x0554eb08) thrown at [C:\re\workspace\8-2-build-windows-i586-cygwin\jdk8u25\1677\hotspot\src\share\vm\prims\jvm.cpp, line 1312]
Event: 4440.730 Thread 0x46cdf000 Exception <a 'java/security/PrivilegedActionException'> (0x05552320) thrown at [C:\re\workspace\8-2-build-windows-i586-cygwin\jdk8u25\1677\hotspot\src\share\vm\prims\jvm.cpp, line 1312]
Event: 4448.506 Thread 0x46cdf000 Exception <a 'java/lang/ArrayIndexOutOfBoundsException'> (0x05e04d88) thrown at [C:\re\workspace\8-2-build-windows-i586-cygwin\jdk8u25\1677\hotspot\src\share\vm\runtime\sharedRuntime.cpp, line 604]
Event: 4448.879 Thread 0x46cdf000 Exception <a 'java/security/PrivilegedActionException'> (0x05eaa668) thrown at [C:\re\workspace\8-2-build-windows-i586-cygwin\jdk8u25\1677\hotspot\src\share\vm\prims\jvm.cpp, line 1312]
Event: 4448.885 Thread 0x46cdf000 Exception <a 'java/security/PrivilegedActionException'> (0x05eabc48) thrown at [C:\re\workspace\8-2-build-windows-i586-cygwin\jdk8u25\1677\hotspot\src\share\vm\prims\jvm.cpp, line 1312]
Event: 4448.885 Thread 0x46cdf000 Exception <a 'java/security/PrivilegedActionException'> (0x05eb71a0) thrown at [C:\re\workspace\8-2-build-windows-i586-cygwin\jdk8u25\1677\hotspot\src\share\vm\prims\jvm.cpp, line 1312]
Event: 4480.380 Thread 0x46cdf000 Exception <a 'java/lang/ArrayIndexOutOfBoundsException'> (0x060c3978) thrown at [C:\re\workspace\8-2-build-windows-i586-cygwin\jdk8u25\1677\hotspot\src\share\vm\runtime\sharedRuntime.cpp, line 604]
Event: 4480.380 Thread 0x46cdf000 Exception <a 'java/lang/ArrayIndexOutOfBoundsException'> (0x060c53e8) thrown at [C:\re\workspace\8-2-build-windows-i586-cygwin\jdk8u25\1677\hotspot\src\share\vm\runtime\sharedRuntime.cpp, line 604]
Event: 4480.680 Thread 0x46cdf000 Exception <a 'java/lang/ArrayIndexOutOfBoundsException'> (0x0612a2e8) thrown at [C:\re\workspace\8-2-build-windows-i586-cygwin\jdk8u25\1677\hotspot\src\share\vm\runtime\sharedRuntime.cpp, line 604]

Events (10 events):
Event: 4487.153 Thread 0x0106cc00 flushing nmethod 0x020afac8
Event: 4487.153 Thread 0x0106cc00 flushing nmethod 0x020b0508
Event: 4487.153 Thread 0x0106cc00 flushing nmethod 0x020b0b48
Event: 4487.153 Thread 0x0106cc00 flushing nmethod 0x020b0f88
Event: 4487.153 Thread 0x0106cc00 flushing nmethod 0x020b1248
Event: 4487.153 Thread 0x0106cc00 flushing nmethod 0x020b1548
Event: 4487.155 Thread 0x0106cc00 flushing nmethod 0x021f6248
Event: 4487.214 Thread 0x0106cc00 flushing nmethod 0x022038c8
Event: 4487.214 Thread 0x0106cc00 flushing nmethod 0x0220f4c8
Event: 4500.872 Executing VM operation: GenCollectForAllocation


Dynamic libraries:
0x01290000 - 0x012c0000 	C:\Program Files\Java\jdk1.8.0_25\bin\java.exe
0x778a0000 - 0x77a04000 	C:\Windows\SYSTEM32\ntdll.dll
0x77140000 - 0x77238000 	C:\Windows\system32\KERNEL32.DLL
0x75490000 - 0x75561000 	C:\Windows\system32\KERNELBASE.dll
0x733e0000 - 0x7347a000 	C:\Windows\system32\apphelp.dll
0x5a3e0000 - 0x5a632000 	C:\Windows\AppPatch\AcGenral.DLL
0x774f0000 - 0x775ae000 	C:\Windows\system32\msvcrt.dll
0x772b0000 - 0x772ee000 	C:\Windows\SYSTEM32\sechost.dll
0x75180000 - 0x751a2000 	C:\Windows\SYSTEM32\SspiCli.dll
0x758f0000 - 0x75931000 	C:\Windows\system32\SHLWAPI.dll
0x743f0000 - 0x744d2000 	C:\Windows\SYSTEM32\UxTheme.dll
0x75b80000 - 0x75ccb000 	C:\Windows\system32\USER32.dll
0x759f0000 - 0x75af9000 	C:\Windows\system32\GDI32.dll
0x71370000 - 0x71390000 	C:\Windows\SYSTEM32\WINMM.dll
0x6e730000 - 0x6e742000 	C:\Windows\SYSTEM32\samcli.dll
0x77030000 - 0x7713b000 	C:\Windows\system32\ole32.dll
0x75960000 - 0x759e7000 	C:\Windows\system32\OLEAUT32.dll
0x6ceb0000 - 0x6cec5000 	C:\Windows\SYSTEM32\MSACM32.dll
0x71a90000 - 0x71a98000 	C:\Windows\SYSTEM32\VERSION.dll
0x75e80000 - 0x77023000 	C:\Windows\system32\SHELL32.dll
0x74ae0000 - 0x74af9000 	C:\Windows\SYSTEM32\USERENV.dll
0x73fc0000 - 0x73fd9000 	C:\Windows\SYSTEM32\dwmapi.dll
0x6f5e0000 - 0x6f701000 	C:\Windows\SYSTEM32\urlmon.dll
0x77600000 - 0x77677000 	C:\Windows\system32\ADVAPI32.dll
0x71840000 - 0x7189e000 	C:\Windows\SYSTEM32\WINSPOOL.DRV
0x6e3d0000 - 0x6e3e4000 	C:\Windows\SYSTEM32\MPR.dll
0x77680000 - 0x77744000 	C:\Windows\system32\RPCRT4.dll
0x75780000 - 0x758ce000 	C:\Windows\SYSTEM32\combase.dll
0x71340000 - 0x71360000 	C:\Windows\SYSTEM32\WINMMBASE.dll
0x75300000 - 0x7530e000 	C:\Windows\SYSTEM32\profapi.dll
0x6f3c0000 - 0x6f5d5000 	C:\Windows\SYSTEM32\iertutil.dll
0x6f1f0000 - 0x6f3b4000 	C:\Windows\SYSTEM32\WININET.dll
0x75450000 - 0x7548a000 	C:\Windows\SYSTEM32\cfgmgr32.dll
0x744e0000 - 0x744ff000 	C:\Windows\SYSTEM32\DEVOBJ.dll
0x75b00000 - 0x75b77000 	C:\Windows\system32\SHCORE.DLL
0x77370000 - 0x77395000 	C:\Windows\system32\IMM32.DLL
0x77750000 - 0x77847000 	C:\Windows\system32\MSCTF.dll
0x73dd0000 - 0x73fb5000 	C:\Windows\WinSxS\x86_microsoft.windows.common-controls_6595b64144ccf1df_6.0.9600.16384_none_a9f4965301334e09\COMCTL32.dll
0x5a320000 - 0x5a3df000 	C:\Program Files\Java\jdk1.8.0_25\jre\bin\msvcr100.dll
0x58610000 - 0x589b4000 	C:\Program Files\Java\jdk1.8.0_25\jre\bin\client\jvm.dll
0x6d0f0000 - 0x6d0f8000 	C:\Windows\SYSTEM32\WSOCK32.dll
0x77240000 - 0x77246000 	C:\Windows\system32\PSAPI.DLL
0x775b0000 - 0x775fd000 	C:\Windows\system32\WS2_32.dll
0x75950000 - 0x75957000 	C:\Windows\system32\NSI.dll
0x6cc40000 - 0x6cc4c000 	C:\Program Files\Java\jdk1.8.0_25\jre\bin\verify.dll
0x6cc10000 - 0x6cc31000 	C:\Program Files\Java\jdk1.8.0_25\jre\bin\java.dll
0x6cbf0000 - 0x6cc03000 	C:\Program Files\Java\jdk1.8.0_25\jre\bin\zip.dll
0x74d10000 - 0x74d28000 	C:\Windows\SYSTEM32\CRYPTSP.dll
0x749a0000 - 0x749cf000 	C:\Windows\system32\rsaenh.dll
0x74ee0000 - 0x74eff000 	C:\Windows\SYSTEM32\bcrypt.dll
0x75200000 - 0x75251000 	C:\Windows\system32\bcryptprimitives.dll
0x75260000 - 0x75269000 	C:\Windows\SYSTEM32\CRYPTBASE.dll
0x6cbd0000 - 0x6cbe5000 	C:\Program Files\Java\jdk1.8.0_25\jre\bin\net.dll
0x74cc0000 - 0x74d05000 	C:\Windows\system32\mswsock.dll
0x6fb70000 - 0x6fb8e000 	C:\Windows\SYSTEM32\IPHLPAPI.DLL
0x6fb50000 - 0x6fb58000 	C:\Windows\SYSTEM32\WINNSI.DLL
0x6f990000 - 0x6f9a2000 	C:\Windows\SYSTEM32\dhcpcsvc6.DLL
0x6f970000 - 0x6f983000 	C:\Windows\SYSTEM32\dhcpcsvc.DLL
0x6cbc0000 - 0x6cbcf000 	C:\Program Files\Java\jdk1.8.0_25\jre\bin\nio.dll
0x731c0000 - 0x731ce000 	C:\Users\yordy\AppData\Local\Temp\native-platform8879525975692479337dir\native-platform.dll
0x6d640000 - 0x6d788000 	C:\Windows\SYSTEM32\dbghelp.dll

VM Arguments:
jvm_args: -XX:MaxPermSize=256m -XX:+HeapDumpOnOutOfMemoryError -Xmx1024m -Dfile.encoding=windows-1252 -Duser.country=ES -Duser.language=es -Duser.variant 
java_command: org.gradle.launcher.daemon.bootstrap.GradleDaemon 2.2 C:\Users\yordy\.gradle\daemon 10800000 d1e806cb-2072-42dd-8b61-1ece1cb3bf66 -XX:MaxPermSize=256m -XX:+HeapDumpOnOutOfMemoryError -Xmx1024m -Dfile.encoding=windows-1252 -Duser.country=ES -Duser.language=es -Duser.variant
java_class_path (initial): C:\Users\yordy\.gradle\wrapper\dists\gradle-2.2-all\1vevkra640w3rb9hkuw50q5we\gradle-2.2\lib\gradle-launcher-2.2.jar
Launcher Type: SUN_STANDARD

Environment Variables:
JAVA_HOME=C:\Program Files\Java\jdk1.8.0_25
PATH=C:\Python27\;C:\Python27\Scripts;C:\Program Files\NVIDIA Corporation\PhysX\Common;C:\Windows\system32;C:\Windows;C:\Windows\System32\Wbem;C:\Windows\System32\WindowsPowerShell\v1.0\;C:\Users\yordy\AppData\Roaming\Python\Scripts;C:\Program Files\Google\google_appengine\;C:\adb;I:\programas\sdk\platform-tools;I:\programas\sdk\tools;C:\Program Files\Java\jdk1.8.0_25\bin;C:\antbin;C:\Program Files\nodejs\;C:\Users\yordy\AppData\Roaming\Python\Scripts;I:\programas\sdk\platform-tools;I:\programas\sdk\tools;C:\Program Files\Java\jdk1.8.0_25\bin;C:\antbin;C:\Users\yordy\AppData\Roaming\npm
USERNAME=yordy
OS=Windows_NT
PROCESSOR_IDENTIFIER=x86 Family 15 Model 127 Stepping 2, AuthenticAMD



---------------  S Y S T E M  ---------------

OS: Windows 8.1 Build 9600 

CPU:total 1 (1 cores per cpu, 1 threads per core) family 15 model 127 stepping 2, cmov, cx8, fxsr, mmx, sse, sse2, sse3, mmxext, 3dnowpref, tsc

Memory: 4k page, physical 2096436k(186504k free), swap 4193588k(1320496k free)

vm_info: Java HotSpot(TM) Client VM (25.25-b02) for windows-x86 JRE (1.8.0_25-b18), built on Oct  7 2014 14:31:05 by "java_re" with MS VC++ 10.0 (VS2010)

time: Mon Jan 30 19:41:28 2017
elapsed time: 4522 seconds (0d 1h 15m 22s)

